SF:lib/src/features/products/data/fake_products_repository.dart
DA:13,7
DA:19,1
DA:20,2
DA:23,4
DA:24,12
DA:27,6
DA:28,18
DA:31,5
DA:32,10
DA:35,5
DA:36,20
DA:40,2
DA:41,4
DA:42,4
DA:43,10
DA:44,4
DA:46,0
DA:49,2
DA:51,4
DA:55,5
DA:57,20
DA:62,5
DA:65,10
DA:66,20
DA:67,5
DA:70,6
DA:72,24
DA:79,1
DA:82,1
DA:85,10
DA:86,9
DA:87,8
DA:88,4
DA:91,0
DA:93,0
DA:94,0
DA:97,8
DA:98,12
DA:99,8
DA:100,4
DA:103,5
DA:106,5
DA:108,5
DA:109,0
DA:111,5
DA:112,10
DA:113,5
LF:47
LH:42
end_of_record
SF:lib/src/features/products/data/fake_products_repository.g.dart
DA:13,0
DA:15,5
DA:17,10
DA:19,20
DA:20,10
DA:23,5
DA:25,20
DA:27,10
DA:28,20
DA:32,1
DA:35,24
DA:43,0
DA:46,0
DA:54,5
DA:59,5
DA:61,5
DA:62,10
DA:66,5
DA:76,5
DA:78,20
DA:81,5
DA:83,15
DA:84,15
DA:86,5
DA:93,15
DA:96,5
DA:98,5
DA:101,5
DA:106,0
DA:110,0
DA:111,0
DA:115,0
DA:118,0
DA:121,0
LF:34
LH:25
end_of_record
SF:lib/src/features/products/domain/product.dart
DA:6,26
DA:27,1
DA:29,9
DA:32,7
DA:36,2
DA:37,6
DA:38,6
DA:39,6
DA:40,6
DA:41,6
DA:42,6
DA:43,6
DA:44,6
DA:47,6
DA:49,18
DA:50,18
DA:51,18
DA:52,18
DA:53,18
DA:54,18
DA:55,18
DA:56,12
DA:59,3
DA:69,3
DA:70,3
DA:71,3
DA:72,3
DA:73,3
DA:74,3
DA:75,3
DA:76,0
DA:77,0
LF:32
LH:30
end_of_record
SF:lib/src/utils/delay.dart
DA:1,6
DA:3,0
DA:5,6
LF:3
LH:2
end_of_record
SF:lib/src/utils/in_memory_store.dart
DA:6,18
DA:12,24
DA:15,24
DA:18,21
DA:21,6
LF:5
LH:5
end_of_record
SF:lib/src/features/authentication/data/fake_auth_repository.g.dart
DA:13,0
DA:15,0
DA:17,0
DA:19,0
DA:20,0
DA:23,0
DA:25,0
DA:27,0
DA:28,0
DA:32,1
DA:35,39
LF:11
LH:2
end_of_record
SF:lib/src/features/authentication/data/fake_auth_repository.dart
DA:12,7
DA:16,21
DA:17,18
DA:22,1
DA:23,2
DA:25,1
DA:27,0
DA:28,0
DA:32,0
DA:39,5
DA:41,10
DA:43,5
DA:44,0
DA:49,10
DA:53,5
DA:56,4
DA:57,8
DA:60,6
DA:62,5
DA:64,5
DA:65,15
DA:70,10
DA:72,10
DA:76,1
DA:78,1
DA:79,3
DA:83,28
DA:84,14
DA:85,7
LF:29
LH:25
end_of_record
SF:lib/src/features/authentication/domain/app_user.dart
DA:3,10
DA:10,1
DA:14,7
DA:17,1
DA:18,5
DA:20,1
DA:21,3
LF:7
LH:7
end_of_record
SF:lib/src/features/cart/data/remote/remote_cart_repository.g.dart
DA:13,0
DA:15,0
DA:17,0
DA:19,0
DA:20,0
DA:23,0
DA:25,0
DA:27,0
DA:28,0
DA:32,0
DA:36,24
LF:11
LH:1
end_of_record
SF:lib/src/features/cart/data/remote/remote_cart_repository.dart
DA:16,0
DA:19,0
LF:2
LH:0
end_of_record
SF:lib/src/features/cart/domain/cart.dart
DA:10,109
DA:17,0
DA:18,0
DA:19,0
DA:23,0
DA:24,0
DA:25,0
DA:29,0
DA:31,0
DA:33,0
DA:34,0
DA:36,3
DA:40,8
DA:43,0
DA:44,0
DA:48,4
DA:49,16
DA:50,4
DA:51,4
DA:52,4
DA:54,4
LF:21
LH:9
end_of_record
SF:lib/src/features/checkout/application/fake_checkout_service.g.dart
DA:13,0
DA:15,0
DA:17,0
DA:19,0
DA:20,0
DA:23,0
DA:25,0
DA:27,0
DA:28,0
DA:32,3
DA:35,12
LF:11
LH:2
end_of_record
SF:lib/src/features/checkout/application/fake_checkout_service.dart
DA:16,3
DA:25,3
DA:26,9
DA:27,9
DA:28,9
DA:29,9
DA:32,6
DA:34,3
DA:35,6
DA:36,3
DA:37,3
DA:40,3
DA:42,3
DA:45,3
DA:51,3
DA:53,3
DA:55,2
DA:60,3
DA:61,6
DA:64,9
DA:65,6
DA:67,6
DA:68,6
DA:69,9
DA:71,3
DA:75,3
DA:77,3
LF:27
LH:27
end_of_record
SF:lib/src/features/orders/data/fake_orders_repository.dart
DA:10,5
DA:21,3
DA:22,12
DA:23,6
DA:24,3
DA:25,0
DA:29,11
DA:30,3
DA:38,2
DA:39,4
DA:40,4
DA:41,4
DA:42,2
DA:43,2
DA:44,4
DA:48,0
DA:50,0
LF:17
LH:14
end_of_record
SF:lib/src/features/orders/data/fake_orders_repository.g.dart
DA:13,0
DA:15,0
DA:17,0
DA:19,0
DA:20,0
DA:23,0
DA:25,0
DA:27,0
DA:28,0
DA:32,0
DA:35,18
LF:11
LH:1
end_of_record
SF:lib/src/features/orders/domain/order.dart
DA:9,0
DA:10,0
DA:11,0
DA:12,0
DA:13,0
DA:22,3
LF:6
LH:1
end_of_record
SF:lib/src/utils/current_date_provider.g.dart
DA:13,0
DA:15,0
DA:17,0
DA:19,0
DA:20,0
DA:23,0
DA:25,0
DA:27,0
DA:28,0
DA:32,2
DA:38,12
LF:11
LH:2
end_of_record
SF:lib/src/utils/current_date_provider.dart
DA:7,2
DA:9,4
LF:2
LH:2
end_of_record
SF:lib/src/features/cart/application/cart_service.g.dart
DA:13,0
DA:15,5
DA:17,10
DA:19,20
DA:20,10
DA:23,5
DA:25,20
DA:27,10
DA:28,20
DA:32,5
DA:35,21
DA:42,5
DA:45,15
DA:53,5
DA:56,15
DA:63,5
DA:68,5
DA:70,5
DA:71,10
DA:75,5
DA:85,5
DA:87,20
DA:90,5
DA:92,15
DA:93,15
DA:95,5
DA:102,15
DA:105,5
DA:107,5
DA:110,5
DA:115,0
DA:119,0
DA:120,0
DA:124,0
DA:127,0
DA:130,0
LF:36
LH:29
end_of_record
SF:lib/src/features/cart/application/cart_service.dart
DA:17,5
DA:22,5
DA:23,20
DA:25,10
DA:27,20
DA:33,5
DA:34,20
DA:36,10
DA:38,20
DA:43,2
DA:44,2
DA:45,2
DA:46,2
DA:50,5
DA:51,5
DA:52,5
DA:53,5
DA:58,2
DA:59,2
DA:60,2
DA:61,2
DA:65,5
DA:67,5
DA:72,26
DA:73,15
DA:75,16
DA:77,15
DA:81,5
DA:83,15
DA:84,20
DA:85,5
DA:89,5
DA:91,15
DA:92,19
DA:93,15
DA:95,15
DA:97,25
DA:98,20
DA:106,5
DA:108,15
DA:111,15
DA:113,15
DA:115,1
LF:43
LH:43
end_of_record
SF:lib/src/features/cart/data/local/local_cart_repository.g.dart
DA:13,0
DA:15,0
DA:17,0
DA:19,0
DA:20,0
DA:23,0
DA:25,0
DA:27,0
DA:28,0
DA:32,0
DA:36,21
LF:11
LH:1
end_of_record
SF:lib/src/features/cart/data/local/local_cart_repository.dart
DA:15,0
DA:18,0
LF:2
LH:0
end_of_record
SF:lib/src/features/reviews/application/reviews_service.dart
DA:13,3
DA:16,3
DA:20,12
DA:22,3
DA:24,0
DA:25,0
DA:27,12
DA:29,3
DA:35,3
DA:38,3
DA:40,12
DA:41,3
DA:42,12
DA:44,0
DA:46,3
DA:48,3
DA:50,12
DA:53,3
DA:54,3
DA:56,4
DA:57,4
DA:59,4
DA:66,3
DA:68,3
DA:72,2
DA:74,6
DA:77,4
DA:78,4
DA:80,0
DA:85,4
DA:86,6
DA:87,6
DA:90,4
DA:91,4
DA:93,1
LF:35
LH:31
end_of_record
SF:lib/src/features/reviews/application/reviews_service.g.dart
DA:13,0
DA:15,2
DA:17,4
DA:19,8
DA:20,4
DA:23,2
DA:25,8
DA:27,4
DA:28,8
DA:32,3
DA:35,12
DA:43,2
DA:49,2
DA:51,2
DA:52,4
DA:56,2
DA:66,2
DA:68,8
DA:71,2
DA:73,6
DA:74,6
DA:76,2
DA:85,6
DA:88,2
DA:90,2
DA:93,2
DA:98,0
DA:102,0
DA:103,0
DA:107,0
DA:110,0
DA:113,0
LF:32
LH:25
end_of_record
SF:lib/src/features/reviews/data/fake_reviews_repository.g.dart
DA:13,0
DA:15,0
DA:17,0
DA:19,0
DA:20,0
DA:23,0
DA:25,0
DA:27,0
DA:28,0
DA:32,0
DA:35,18
LF:11
LH:1
end_of_record
SF:lib/src/features/reviews/data/fake_reviews_repository.dart
DA:12,5
DA:22,2
DA:23,8
DA:25,4
DA:31,2
DA:32,4
DA:34,9
DA:38,4
DA:39,16
DA:41,4
DA:43,4
DA:45,4
DA:51,2
DA:53,6
DA:55,0
DA:57,6
DA:65,2
DA:70,4
DA:71,4
DA:72,2
DA:75,1
DA:78,4
DA:80,4
DA:84,0
DA:86,0
DA:89,8
DA:90,12
DA:91,12
LF:28
LH:25
end_of_record
SF:lib/src/exceptions/app_exception.dart
DA:19,0
DA:23,0
DA:24,0
DA:28,0
DA:29,0
DA:31,0
DA:33,0
DA:35,0
DA:37,0
DA:39,0
DA:41,0
DA:43,0
DA:45,0
DA:48,0
DA:50,0
LF:15
LH:0
end_of_record
SF:lib/src/localization/string_hardcoded.dart
DA:4,8
LF:1
LH:1
end_of_record
SF:lib/src/features/authentication/domain/fake_app_user.dart
DA:5,5
LF:1
LH:1
end_of_record
SF:lib/src/features/cart/domain/item.dart
DA:5,11
DA:12,2
DA:16,2
DA:17,6
DA:18,6
DA:21,0
DA:22,0
LF:7
LH:5
end_of_record
SF:lib/src/features/cart/domain/mutable_cart.dart
DA:8,3
DA:9,6
DA:10,9
DA:11,3
DA:15,6
DA:16,12
DA:19,6
DA:20,6
DA:22,6
DA:24,10
DA:26,6
DA:31,5
DA:32,10
DA:33,10
DA:34,5
DA:35,5
DA:37,6
DA:39,10
DA:42,5
DA:46,3
DA:47,6
DA:48,3
DA:49,3
LF:23
LH:23
end_of_record
SF:lib/src/features/cart/data/remote/fake_remote_cart_repository.dart
DA:7,5
DA:15,3
DA:17,12
DA:20,4
DA:22,20
DA:25,3
DA:27,6
DA:29,6
DA:31,3
DA:33,6
LF:10
LH:10
end_of_record
SF:lib/src/features/reviews/domain/review.dart
DA:3,4
DA:12,2
DA:16,1
DA:17,3
DA:18,3
DA:19,3
DA:22,0
DA:23,0
DA:25,0
DA:27,0
LF:10
LH:6
end_of_record
SF:lib/src/features/checkout/presentation/payment/payment_button_controller.g.dart
DA:13,0
DA:15,0
DA:17,0
DA:19,0
DA:20,0
DA:23,0
DA:25,0
DA:27,0
DA:28,0
DA:32,4
DA:36,8
DA:37,4
LF:12
LH:3
end_of_record
SF:lib/src/features/checkout/presentation/payment/payment_button_controller.dart
DA:12,4
DA:14,14
DA:18,3
DA:19,9
DA:20,3
DA:21,6
DA:24,3
DA:25,3
LF:8
LH:8
end_of_record
SF:lib/src/app.dart
DA:7,6
DA:9,5
DA:11,10
DA:12,5
DA:16,10
DA:17,5
DA:24,5
DA:25,5
LF:8
LH:8
end_of_record
SF:lib/src/routing/app_router.g.dart
DA:13,0
DA:15,0
DA:17,0
DA:19,0
DA:20,0
DA:23,0
DA:25,0
DA:27,0
DA:28,0
DA:32,5
DA:35,15
LF:11
LH:2
end_of_record
SF:lib/src/routing/app_router.dart
DA:30,5
DA:32,10
DA:33,5
DA:36,5
DA:37,5
DA:39,8
DA:43,20
DA:49,10
DA:50,5
DA:51,5
DA:53,5
DA:54,5
DA:55,5
DA:56,5
DA:58,5
DA:59,4
DA:60,8
DA:61,4
DA:63,5
DA:64,5
DA:66,5
DA:67,2
DA:68,4
DA:69,2
DA:70,2
DA:72,2
DA:78,5
DA:80,5
DA:81,8
DA:82,4
DA:86,5
DA:87,5
DA:89,5
DA:90,6
DA:91,6
DA:98,5
DA:100,5
DA:101,4
DA:102,2
DA:107,5
DA:109,5
DA:110,4
DA:111,2
DA:116,5
DA:118,5
DA:119,4
DA:120,2
DA:130,0
LF:48
LH:47
end_of_record
SF:lib/src/common_widgets/action_text_button.dart
DA:6,6
DA:9,6
DA:11,6
DA:13,6
DA:14,6
DA:15,12
DA:16,6
DA:17,6
DA:18,6
DA:19,6
LF:10
LH:10
end_of_record
SF:lib/src/common_widgets/alert_dialogs.dart
DA:11,3
DA:18,3
DA:19,3
DA:22,6
DA:23,3
DA:24,1
DA:25,3
DA:27,3
DA:28,3
DA:29,3
DA:31,3
DA:33,3
DA:34,9
DA:40,0
DA:43,0
DA:44,0
DA:45,0
DA:46,0
DA:48,0
DA:49,0
DA:50,0
DA:52,0
DA:54,0
DA:55,0
DA:63,1
DA:68,1
DA:71,1
DA:72,1
DA:75,0
DA:76,0
DA:78,0
LF:31
LH:17
end_of_record
SF:lib/src/common_widgets/async_value_widget.dart
DA:6,5
DA:10,5
DA:12,10
DA:13,5
DA:14,0
DA:15,5
DA:22,4
DA:27,4
DA:29,8
DA:30,4
DA:31,4
DA:33,0
DA:34,0
LF:13
LH:10
end_of_record
SF:lib/src/common_widgets/error_message_widget.dart
DA:4,0
DA:6,0
DA:8,0
DA:9,0
DA:10,0
LF:5
LH:0
end_of_record
SF:lib/src/common_widgets/custom_image.dart
DA:5,5
DA:8,5
DA:11,10
LF:3
LH:3
end_of_record
SF:lib/src/common_widgets/custom_text_button.dart
DA:6,5
DA:12,5
DA:14,5
DA:16,5
DA:17,5
DA:18,5
DA:19,5
DA:20,5
LF:8
LH:8
end_of_record
SF:lib/src/common_widgets/decorated_box_with_shadow.dart
DA:7,0
DA:10,0
DA:12,0
DA:23,0
DA:25,0
LF:5
LH:0
end_of_record
SF:lib/src/common_widgets/empty_placeholder_widget.dart
DA:10,4
DA:13,4
DA:15,4
DA:17,4
DA:18,4
DA:21,4
DA:22,4
DA:23,4
DA:24,12
DA:28,4
DA:29,0
DA:30,4
LF:12
LH:11
end_of_record
SF:lib/src/common_widgets/primary_button.dart
DA:11,6
DA:16,6
DA:18,6
DA:20,6
DA:21,6
DA:22,6
DA:24,6
DA:25,6
DA:27,6
DA:28,6
DA:29,6
DA:30,6
LF:12
LH:12
end_of_record
SF:lib/src/common_widgets/item_quantity_selector.dart
DA:6,4
DA:19,4
DA:20,8
DA:21,4
DA:22,8
DA:23,4
DA:24,8
DA:26,4
DA:28,4
DA:29,4
DA:30,4
DA:36,4
DA:39,4
DA:40,4
DA:41,8
DA:43,12
DA:44,5
DA:47,4
DA:49,4
DA:50,8
DA:51,8
DA:53,12
DA:56,4
DA:57,8
DA:59,16
DA:60,15
LF:26
LH:26
end_of_record
SF:lib/src/common_widgets/responsive_center.dart
DA:10,21
DA:20,7
DA:23,7
DA:27,7
DA:28,7
DA:29,7
DA:30,7
DA:31,7
DA:40,19
DA:49,5
DA:51,5
DA:52,5
DA:53,5
DA:54,5
DA:55,5
LF:15
LH:15
end_of_record
SF:lib/src/common_widgets/responsive_scrollable_card.dart
DA:9,5
DA:11,5
DA:13,5
DA:14,5
DA:16,5
DA:18,5
DA:19,5
DA:21,5
LF:8
LH:8
end_of_record
SF:lib/src/common_widgets/responsive_two_column_layout.dart
DA:7,4
DA:31,4
DA:33,8
DA:34,12
DA:35,4
DA:36,4
DA:37,4
DA:38,4
DA:39,12
DA:40,8
DA:41,12
DA:45,0
DA:46,0
DA:47,0
DA:48,0
DA:49,0
DA:50,0
DA:51,0
LF:18
LH:11
end_of_record
SF:lib/src/exceptions/error_logger.dart
DA:8,0
DA:10,0
DA:13,0
DA:15,0
DA:19,0
DA:21,0
LF:6
LH:0
end_of_record
SF:lib/src/exceptions/error_logger.g.dart
DA:13,0
DA:15,0
DA:17,0
DA:19,0
DA:20,0
DA:23,0
DA:25,0
DA:27,0
DA:28,0
DA:32,0
DA:35,0
LF:11
LH:0
end_of_record
SF:lib/src/features/authentication/presentation/account/account_screen.dart
DA:14,23
DA:16,3
DA:18,3
DA:19,3
DA:20,6
DA:22,6
DA:23,3
DA:24,3
DA:25,3
DA:27,6
DA:28,3
DA:29,3
DA:30,3
DA:31,3
DA:33,3
DA:34,3
DA:36,3
DA:37,3
DA:38,3
DA:40,3
DA:42,9
DA:43,3
DA:59,15
DA:61,3
DA:63,9
DA:64,9
DA:65,3
DA:66,3
DA:67,3
DA:68,3
DA:69,3
DA:73,3
DA:74,3
DA:75,3
DA:80,3
DA:81,3
DA:82,3
DA:83,3
DA:86,3
DA:87,3
DA:88,3
DA:95,3
DA:96,3
DA:97,3
DA:98,3
DA:99,3
DA:104,3
DA:105,3
LF:48
LH:48
end_of_record
SF:lib/src/features/authentication/presentation/account/account_screen_controller.g.dart
DA:13,0
DA:15,0
DA:17,0
DA:19,0
DA:20,0
DA:23,0
DA:25,0
DA:27,0
DA:28,0
DA:32,4
DA:36,8
DA:37,4
LF:12
LH:3
end_of_record
SF:lib/src/features/authentication/presentation/account/account_screen_controller.dart
DA:10,4
DA:14,4
DA:15,12
DA:16,4
DA:17,16
LF:5
LH:5
end_of_record
SF:lib/src/utils/async_value_ui.dart
DA:8,7
DA:9,14
DA:10,2
DA:11,1
DA:13,1
DA:19,1
DA:20,1
DA:21,0
DA:23,1
LF:9
LH:8
end_of_record
SF:lib/src/features/authentication/presentation/sign_in/email_password_sign_in_controller.dart
DA:11,6
DA:15,6
DA:19,6
DA:20,6
DA:21,18
DA:22,18
DA:25,6
DA:27,18
DA:29,6
DA:30,2
DA:31,5
DA:32,5
LF:12
LH:12
end_of_record
SF:lib/src/features/authentication/presentation/sign_in/email_password_sign_in_controller.g.dart
DA:13,0
DA:15,0
DA:17,0
DA:19,0
DA:20,0
DA:23,0
DA:25,0
DA:27,0
DA:28,0
DA:32,6
DA:36,12
DA:37,6
LF:12
LH:3
end_of_record
SF:lib/src/features/authentication/presentation/sign_in/email_password_sign_in_form_type.dart
DA:7,5
DA:8,5
DA:9,5
DA:11,3
DA:16,5
DA:17,5
DA:18,5
DA:20,3
DA:24,5
DA:25,5
DA:26,5
DA:28,3
DA:32,3
DA:33,3
DA:40,0
DA:41,0
DA:42,0
DA:44,0
DA:48,0
DA:49,0
DA:50,0
DA:52,0
LF:22
LH:14
end_of_record
SF:lib/src/features/authentication/presentation/sign_in/email_password_sign_in_screen.dart
DA:19,15
DA:26,2
DA:28,2
DA:29,6
DA:30,2
DA:31,2
DA:41,5
DA:50,5
DA:52,5
DA:63,15
DA:64,15
DA:72,15
DA:74,5
DA:77,10
DA:78,10
DA:79,10
DA:80,5
DA:83,5
DA:84,15
DA:86,15
DA:88,20
DA:89,5
DA:90,5
DA:91,5
DA:92,5
DA:95,14
DA:100,0
DA:101,0
DA:102,0
DA:106,0
DA:107,0
DA:108,0
DA:111,0
DA:114,3
DA:116,15
DA:118,6
DA:121,5
DA:123,10
DA:124,5
DA:125,10
DA:127,15
DA:128,5
DA:129,5
DA:130,5
DA:131,5
DA:132,5
DA:133,5
DA:135,5
DA:138,5
DA:140,5
DA:141,5
DA:142,5
DA:143,5
DA:144,5
DA:147,5
DA:148,10
DA:153,0
DA:154,5
DA:155,5
DA:156,5
DA:161,5
DA:163,5
DA:164,5
DA:165,10
DA:166,5
DA:169,10
DA:171,10
DA:176,0
DA:179,5
DA:180,10
DA:181,5
DA:182,15
DA:185,5
DA:186,10
DA:187,10
LF:75
LH:66
end_of_record
SF:lib/src/features/authentication/presentation/sign_in/email_password_sign_in_validators.dart
DA:13,5
DA:14,10
DA:17,5
DA:19,5
DA:20,10
DA:22,2
DA:25,5
DA:26,5
DA:27,5
DA:28,1
DA:29,5
DA:33,5
DA:35,5
DA:36,5
DA:37,1
DA:38,5
LF:16
LH:16
end_of_record
SF:lib/src/features/authentication/presentation/sign_in/string_validators.dart
DA:10,5
DA:13,5
DA:17,10
DA:18,5
DA:19,10
DA:20,25
DA:27,0
DA:34,5
DA:37,5
DA:40,15
DA:41,15
DA:50,10
DA:54,10
DA:58,1
DA:60,1
DA:65,5
DA:68,5
DA:70,15
LF:18
LH:17
end_of_record
SF:lib/src/features/cart/application/cart_sync_service.dart
DA:18,6
DA:19,6
DA:23,6
DA:24,18
DA:25,6
DA:26,6
DA:27,6
DA:29,10
DA:36,5
DA:39,15
DA:40,5
DA:41,10
DA:43,12
DA:44,4
DA:46,4
DA:48,4
DA:50,4
DA:52,4
DA:55,0
DA:59,4
DA:62,12
DA:63,4
DA:65,4
DA:66,12
DA:67,4
DA:68,4
DA:70,8
DA:71,16
DA:73,1
DA:75,8
DA:78,4
DA:80,8
DA:87,6
DA:89,6
LF:34
LH:33
end_of_record
SF:lib/src/features/cart/application/cart_sync_service.g.dart
DA:13,0
DA:15,0
DA:17,0
DA:19,0
DA:20,0
DA:23,0
DA:25,0
DA:27,0
DA:28,0
DA:32,6
DA:35,18
LF:11
LH:2
end_of_record
SF:lib/src/features/cart/data/local/fake_local_cart_repository.dart
DA:7,5
DA:12,5
DA:13,15
DA:15,5
DA:16,10
DA:18,4
DA:20,8
DA:21,8
LF:8
LH:8
end_of_record
SF:lib/src/features/cart/presentation/add_to_cart/add_to_cart_controller.g.dart
DA:13,0
DA:15,0
DA:17,0
DA:19,0
DA:20,0
DA:23,0
DA:25,0
DA:27,0
DA:28,0
DA:32,5
DA:36,10
DA:37,5
LF:12
LH:3
end_of_record
SF:lib/src/features/cart/presentation/add_to_cart/add_to_cart_controller.dart
DA:10,5
DA:15,4
DA:16,8
DA:19,5
DA:20,15
DA:21,15
DA:22,15
DA:23,15
DA:24,5
DA:25,4
DA:27,5
LF:11
LH:11
end_of_record
SF:lib/src/features/cart/presentation/add_to_cart/add_to_cart_widget.dart
DA:17,4
DA:20,4
DA:22,4
DA:23,4
DA:24,8
DA:26,16
DA:27,8
DA:28,4
DA:30,4
DA:31,4
DA:34,4
DA:35,8
DA:36,4
DA:37,4
DA:40,4
DA:41,4
DA:43,3
DA:44,9
DA:45,3
DA:52,4
DA:53,4
DA:55,4
DA:56,4
DA:57,12
DA:58,12
DA:60,4
DA:61,4
DA:62,1
DA:64,17
DA:66,1
DA:67,1
DA:68,3
LF:32
LH:32
end_of_record
SF:lib/src/features/cart/presentation/cart_total/cart_total_text.dart
DA:8,15
DA:10,4
DA:12,8
DA:14,12
DA:15,4
DA:16,4
DA:17,12
LF:7
LH:7
end_of_record
SF:lib/src/utils/currency_formatter.g.dart
DA:13,0
DA:15,0
DA:17,0
DA:19,0
DA:20,0
DA:23,0
DA:25,0
DA:27,0
DA:28,0
DA:32,5
DA:35,15
LF:11
LH:2
end_of_record
SF:lib/src/utils/currency_formatter.dart
DA:6,5
DA:11,5
LF:2
LH:2
end_of_record
SF:lib/src/features/cart/presentation/cart_total/cart_total_with_cta.dart
DA:7,4
DA:10,4
DA:12,4
DA:14,4
DA:17,8
LF:5
LH:5
end_of_record
SF:lib/src/features/cart/presentation/shopping_cart/shopping_cart_item.dart
DA:19,4
DA:33,4
DA:35,20
DA:36,4
DA:38,8
DA:40,4
DA:41,4
DA:43,4
DA:45,4
DA:46,4
DA:47,4
DA:58,4
DA:71,3
DA:73,4
DA:76,20
DA:77,4
DA:81,12
DA:83,4
DA:85,4
DA:86,24
DA:88,16
DA:90,4
DA:92,4
DA:93,4
DA:94,4
DA:95,4
DA:98,3
DA:100,3
DA:101,12
DA:112,4
DA:123,12
DA:125,4
DA:127,8
DA:128,4
DA:130,4
DA:131,4
DA:132,8
DA:133,10
DA:134,4
DA:135,4
DA:137,1
DA:138,3
DA:139,3
DA:141,4
DA:142,8
DA:143,8
DA:144,4
DA:146,1
DA:147,3
DA:148,3
LF:50
LH:50
end_of_record
SF:lib/src/features/cart/presentation/shopping_cart/shopping_cart_screen_controller.g.dart
DA:13,0
DA:15,0
DA:17,0
DA:19,0
DA:20,0
DA:23,0
DA:25,0
DA:27,0
DA:28,0
DA:32,5
DA:36,10
DA:37,5
LF:12
LH:3
end_of_record
SF:lib/src/features/cart/presentation/shopping_cart/shopping_cart_screen_controller.dart
DA:10,5
DA:15,8
DA:17,2
DA:18,2
DA:19,2
DA:20,10
DA:23,2
DA:24,2
DA:25,10
LF:9
LH:9
end_of_record
SF:lib/src/features/cart/presentation/shopping_cart/shopping_cart_items_builder.dart
DA:13,4
DA:23,4
DA:26,8
DA:27,4
DA:28,4
DA:34,12
DA:37,4
DA:38,4
DA:40,4
DA:41,4
DA:42,4
DA:45,4
DA:47,4
DA:48,8
DA:49,8
DA:51,8
DA:55,4
DA:58,4
DA:60,8
DA:69,0
DA:70,0
DA:71,0
DA:72,0
DA:74,0
DA:75,0
DA:76,0
DA:78,0
DA:81,0
DA:82,0
LF:29
LH:19
end_of_record
SF:lib/src/features/cart/presentation/shopping_cart/shopping_cart_screen.dart
DA:18,15
DA:20,4
DA:22,4
DA:23,4
DA:24,2
DA:26,8
DA:27,4
DA:28,4
DA:29,8
DA:31,4
DA:32,4
DA:33,8
DA:34,4
DA:36,8
DA:37,4
DA:38,8
DA:42,8
DA:43,4
DA:44,4
DA:45,9
LF:20
LH:20
end_of_record
SF:lib/src/features/checkout/presentation/checkout_screen/checkout_screen.dart
DA:16,15
DA:18,3
DA:19,3
DA:27,3
DA:29,3
DA:30,12
DA:32,3
DA:34,12
DA:37,3
DA:39,6
DA:40,3
DA:43,3
DA:44,9
DA:46,6
DA:47,6
DA:53,3
DA:56,6
DA:57,3
DA:58,3
DA:62,3
DA:63,6
DA:64,3
DA:67,3
DA:68,3
DA:69,3
DA:71,3
LF:26
LH:26
end_of_record
SF:lib/src/features/checkout/presentation/payment/payment_page.dart
DA:15,15
DA:17,3
DA:19,9
DA:23,3
DA:24,4
DA:27,6
DA:28,3
DA:30,3
DA:31,3
DA:32,3
DA:33,6
DA:38,3
LF:12
LH:12
end_of_record
SF:lib/src/features/checkout/presentation/payment/payment_button.dart
DA:10,15
DA:12,3
DA:14,3
DA:15,3
DA:16,4
DA:18,6
DA:19,3
DA:20,3
DA:21,3
DA:22,3
DA:24,10
LF:11
LH:11
end_of_record
SF:lib/src/features/orders/application/user_orders_provider.dart
DA:9,8
DA:10,6
DA:12,8
DA:15,0
DA:20,8
DA:21,12
DA:22,12
DA:25,6
DA:26,6
DA:29,8
LF:10
LH:9
end_of_record
SF:lib/src/features/orders/presentation/orders_list/order_card.dart
DA:14,2
DA:17,2
DA:19,2
DA:21,2
DA:22,4
DA:25,2
DA:26,2
DA:27,4
DA:29,4
DA:40,2
DA:43,2
DA:46,10
DA:48,10
DA:49,2
DA:50,2
DA:52,2
DA:53,2
DA:54,2
DA:56,2
DA:57,2
DA:59,2
DA:60,2
DA:61,4
DA:62,6
DA:65,2
DA:68,2
DA:70,2
DA:71,2
DA:72,4
DA:74,6
DA:77,2
DA:90,2
DA:93,2
DA:95,2
DA:97,2
DA:98,2
DA:100,4
DA:102,6
DA:103,2
DA:104,6
LF:40
LH:40
end_of_record
SF:lib/src/features/orders/presentation/orders_list/order_item_list_tile.dart
DA:13,2
DA:16,2
DA:18,10
DA:19,2
DA:21,4
DA:23,2
DA:24,2
DA:25,2
DA:27,4
DA:30,2
DA:32,2
DA:34,2
DA:35,4
DA:37,2
DA:38,8
DA:39,6
LF:16
LH:16
end_of_record
SF:lib/src/features/orders/presentation/orders_list/order_status_label.dart
DA:7,2
DA:10,2
DA:12,6
DA:13,4
DA:14,2
DA:15,2
DA:16,2
DA:19,0
DA:20,0
DA:21,0
DA:24,0
DA:25,0
DA:26,0
DA:27,0
LF:14
LH:7
end_of_record
SF:lib/src/utils/date_formatter.g.dart
DA:13,0
DA:15,0
DA:17,0
DA:19,0
DA:20,0
DA:23,0
DA:25,0
DA:27,0
DA:28,0
DA:32,2
DA:35,6
LF:11
LH:2
end_of_record
SF:lib/src/utils/date_formatter.dart
DA:6,2
DA:9,2
LF:2
LH:2
end_of_record
SF:lib/src/features/orders/presentation/orders_list/orders_list_screen.dart
DA:13,15
DA:15,2
DA:17,2
DA:18,2
DA:19,4
DA:21,4
DA:22,4
DA:23,2
DA:25,4
DA:26,0
DA:27,0
DA:28,0
DA:29,0
DA:33,2
DA:34,2
DA:35,2
DA:36,2
DA:37,4
DA:39,2
DA:40,2
DA:43,2
LF:21
LH:17
end_of_record
SF:lib/src/features/products/presentation/home_app_bar/home_app_bar.dart
DA:19,30
DA:21,5
DA:23,15
DA:31,15
DA:32,5
DA:33,0
DA:34,0
DA:35,0
DA:37,0
DA:41,5
DA:42,10
DA:43,5
DA:45,4
DA:46,4
DA:48,4
DA:49,0
DA:51,4
DA:53,4
DA:54,6
DA:57,5
DA:59,5
DA:60,6
DA:67,5
LF:23
LH:18
end_of_record
SF:lib/src/features/products/presentation/home_app_bar/more_menu_button.dart
DA:14,0
DA:22,0
DA:24,0
DA:27,0
DA:29,0
DA:30,0
DA:31,0
DA:34,0
DA:36,0
DA:39,0
DA:42,0
DA:43,0
DA:46,0
DA:50,0
DA:53,0
DA:54,0
DA:56,0
DA:57,0
DA:59,0
DA:60,0
LF:20
LH:0
end_of_record
SF:lib/src/features/products/presentation/home_app_bar/shopping_cart_icon.dart
DA:10,15
DA:15,5
DA:17,10
DA:18,5
DA:19,5
DA:20,5
DA:21,5
DA:24,12
DA:27,5
DA:28,4
DA:31,4
DA:40,4
DA:43,4
DA:45,4
DA:48,4
DA:53,4
DA:54,8
DA:60,4
DA:61,4
DA:62,4
DA:63,4
LF:21
LH:21
end_of_record
SF:lib/src/features/products/presentation/product_screen/leave_review_action.dart
DA:17,4
DA:20,4
DA:22,20
DA:23,4
DA:25,10
DA:26,2
DA:27,2
DA:30,2
DA:38,6
DA:39,2
DA:40,2
DA:42,8
DA:44,2
DA:45,2
DA:48,2
DA:49,2
DA:50,2
DA:51,2
DA:52,4
DA:53,4
DA:54,2
DA:55,4
LF:22
LH:22
end_of_record
SF:lib/src/features/products/presentation/product_screen/product_average_rating.dart
DA:7,2
DA:10,2
DA:12,2
DA:13,2
DA:19,2
DA:20,6
DA:21,6
DA:24,2
DA:25,2
DA:26,6
DA:28,0
DA:29,6
LF:12
LH:11
end_of_record
SF:lib/src/features/products/presentation/product_screen/product_screen.dart
DA:21,4
DA:24,4
DA:26,4
DA:28,4
DA:29,4
DA:30,16
DA:31,4
DA:33,4
DA:34,0
DA:35,0
DA:37,4
DA:38,4
DA:39,4
DA:41,4
DA:43,8
DA:57,4
DA:60,4
DA:63,20
DA:64,4
DA:65,4
DA:66,4
DA:68,12
DA:72,4
DA:73,4
DA:75,4
DA:77,4
DA:78,24
DA:80,12
DA:82,14
DA:84,4
DA:86,4
DA:87,4
DA:88,4
DA:89,4
DA:90,12
DA:91,4
DA:92,12
DA:93,4
DA:94,4
DA:95,8
LF:40
LH:38
end_of_record
SF:lib/src/features/reviews/presentation/product_reviews/product_reviews_list.dart
DA:14,4
DA:16,4
DA:18,16
DA:19,4
DA:21,8
DA:22,4
DA:23,4
DA:27,4
DA:29,4
LF:9
LH:9
end_of_record
SF:lib/src/features/products/presentation/products_list/product_card.dart
DA:12,5
DA:19,5
DA:22,25
DA:23,5
DA:24,5
DA:26,5
DA:27,5
DA:29,5
DA:31,5
DA:32,15
DA:36,30
DA:37,15
DA:39,0
DA:41,5
DA:42,5
DA:43,15
DA:44,5
DA:45,5
DA:46,15
DA:47,0
DA:48,20
DA:49,15
LF:22
LH:20
end_of_record
SF:lib/src/features/products/presentation/products_list/products_grid.dart
DA:17,15
DA:19,5
DA:21,10
DA:22,5
DA:24,10
DA:25,0
DA:26,0
DA:27,0
DA:28,0
DA:31,5
DA:32,5
DA:33,5
DA:34,5
DA:35,5
DA:37,8
DA:38,4
DA:39,8
DA:51,5
DA:63,5
DA:66,10
DA:67,5
DA:70,7
DA:73,15
DA:74,15
DA:76,10
DA:78,5
DA:83,5
DA:85,30
LF:28
LH:24
end_of_record
SF:lib/src/features/products/presentation/products_list/products_search_state_provider.g.dart
DA:13,0
DA:15,0
DA:17,0
DA:19,0
DA:20,0
DA:23,0
DA:25,0
DA:27,0
DA:28,0
DA:32,5
DA:36,15
LF:11
LH:2
end_of_record
SF:lib/src/features/products/presentation/products_list/products_search_state_provider.dart
DA:8,20
DA:12,5
DA:14,10
DA:15,20
LF:4
LH:4
end_of_record
SF:lib/src/features/products/presentation/products_list/products_list_screen.dart
DA:10,15
DA:12,5
DA:13,5
DA:23,5
DA:25,5
DA:26,15
DA:29,5
DA:31,15
DA:32,5
DA:37,0
DA:38,0
DA:39,0
DA:43,5
DA:45,5
DA:47,5
DA:48,5
LF:16
LH:13
end_of_record
SF:lib/src/features/products/presentation/products_list/products_search_text_field.dart
DA:8,15
DA:10,5
DA:12,5
DA:19,5
DA:22,10
DA:23,5
DA:26,5
DA:31,5
DA:32,5
DA:33,5
DA:34,5
DA:35,5
DA:37,15
DA:38,5
DA:39,5
DA:41,10
DA:42,0
DA:43,0
DA:44,0
DA:45,0
DA:46,0
DA:47,0
DA:53,0
DA:54,0
LF:24
LH:16
end_of_record
SF:lib/src/features/reviews/presentation/leave_review_screen/leave_review_controller.dart
DA:12,3
DA:14,12
DA:18,3
DA:27,4
DA:28,4
DA:29,9
DA:30,9
DA:31,3
DA:34,3
DA:36,3
DA:37,6
DA:38,3
DA:39,3
DA:41,3
DA:42,9
DA:43,3
DA:47,1
LF:17
LH:17
end_of_record
SF:lib/src/features/reviews/presentation/leave_review_screen/leave_review_controller.g.dart
DA:13,0
DA:15,0
DA:17,0
DA:19,0
DA:20,0
DA:23,0
DA:25,0
DA:27,0
DA:28,0
DA:32,3
DA:36,6
DA:37,3
LF:12
LH:3
end_of_record
SF:lib/src/features/reviews/presentation/leave_review_screen/leave_review_screen.dart
DA:18,2
DA:21,2
DA:23,2
DA:24,2
DA:25,4
DA:27,2
DA:30,2
DA:31,2
DA:32,8
DA:33,2
DA:35,2
DA:36,4
DA:46,2
DA:53,2
DA:54,2
DA:62,2
DA:64,2
DA:65,4
DA:67,3
DA:68,2
DA:72,2
DA:75,4
DA:76,2
DA:79,2
DA:81,4
DA:82,2
DA:83,4
DA:85,6
DA:86,2
DA:88,2
DA:89,5
DA:90,1
DA:91,1
DA:96,2
DA:97,2
DA:98,2
DA:99,8
DA:102,2
DA:103,2
DA:105,2
DA:108,2
DA:109,2
DA:113,2
DA:114,2
DA:115,2
DA:116,2
DA:117,6
DA:119,2
DA:120,10
DA:121,4
DA:122,4
DA:123,2
DA:124,4
DA:125,2
LF:54
LH:54
end_of_record
SF:lib/src/features/reviews/presentation/product_reviews/product_rating_bar.dart
DA:6,2
DA:27,6
DA:29,2
DA:31,2
DA:32,2
DA:33,2
DA:36,2
DA:37,4
DA:40,2
DA:43,2
LF:10
LH:10
end_of_record
SF:lib/src/features/reviews/presentation/product_reviews/product_review_card.dart
DA:10,2
DA:12,2
DA:14,10
DA:15,2
DA:16,2
DA:18,2
DA:20,2
DA:21,2
DA:23,2
DA:24,2
DA:25,4
DA:29,0
DA:31,8
DA:34,8
DA:36,2
DA:37,4
DA:38,6
LF:17
LH:16
end_of_record
SF:lib/src/routing/go_router_refresh_stream.dart
DA:7,5
DA:8,5
DA:9,15
DA:10,10
DA:16,0
DA:18,0
DA:19,0
LF:7
LH:4
end_of_record
SF:lib/src/routing/not_found_screen.dart
DA:7,15
DA:9,0
DA:11,0
DA:12,0
DA:13,0
DA:14,0
LF:6
LH:1
end_of_record
